<?xml version="1.0" encoding="UTF-8"?>
<!-- Generated by org.testng.reporters.JUnitReportReporter -->
<testsuite hostname="DESKTOP-HFF6R71" failures="0" tests="1" name="com.inetBanking.testCases.TC_AddCustomertest_003" time="23.697" errors="0" timestamp="2024-01-06T01:24:59 IST" skipped="0">
  <testcase classname="com.inetBanking.testCases.TC_AddCustomertest_003" name="addNewcustomertest" time="23.697"/>
</testsuite> <!-- com.inetBanking.testCases.TC_AddCustomertest_003 -->
